-------------------------
----------- PARSING --------------
-------------------------
Classes: {"<=50K."=>0, ">50K."=>0}
-------------------------
----------- MISSING VALS --------------
-------------------------
-------------------------
----------- ENTROPY --------------
-------------------------
-------------------------
----------- CALC PROBABILITIES --------------
-------------------------
-------------------------
----------- X-FOLDING --------------
-------------------------
-------------------------
----------- X-FOLD - Test 1 --------------
-------------------------
----------
Accuracy: 		0.772727272727273
----------
Micro Recall: 		0.772727272727273
Micro Precision: 	0.772727272727273
Micro F-Measure: 	0.772727272727273
----------
Macro Recall: 		0.767441860465116
Macro Precision: 	0.970588235294118
Macro F-Measure: 	0.857142857142857
----------
-------------------------
----------- X-FOLD - Test 2 --------------
-------------------------
----------
Accuracy: 		0.778391651319828
----------
Micro Recall: 		0.778391651319828
Micro Precision: 	0.778391651319828
Micro F-Measure: 	0.778391651319828
----------
Macro Recall: 		0.773809523809524
Macro Precision: 	0.97397476340694
Macro F-Measure: 	0.862430167597765
----------
-------------------------
----------- X-FOLD - Test 3 --------------
-------------------------
----------
Accuracy: 		0.770411295273174
----------
Micro Recall: 		0.770411295273174
Micro Precision: 	0.770411295273174
Micro F-Measure: 	0.770411295273174
----------
Macro Recall: 		0.765810895428929
Macro Precision: 	0.974501992031872
Macro F-Measure: 	0.857643758765778
----------
-------------------------
----------- X-FOLD - Test 4 --------------
-------------------------
----------
Accuracy: 		0.779005524861878
----------
Micro Recall: 		0.779005524861878
Micro Precision: 	0.779005524861878
Micro F-Measure: 	0.779005524861878
----------
Macro Recall: 		0.774577332498435
Macro Precision: 	0.97478329393223
Macro F-Measure: 	0.863224005582694
----------
-------------------------
----------- X-FOLD - Test 5 --------------
-------------------------
----------
Accuracy: 		0.777163904235727
----------
Micro Recall: 		0.777163904235727
Micro Precision: 	0.777163904235727
Micro F-Measure: 	0.777163904235727
----------
Macro Recall: 		0.773266708307308
Macro Precision: 	0.977883096366509
Macro F-Measure: 	0.863620509243111
----------
-------------------------
----------- X-FOLD - Test 6 --------------
-------------------------
----------
Accuracy: 		0.769797421731123
----------
Micro Recall: 		0.769797421731123
Micro Precision: 	0.769797421731123
Micro F-Measure: 	0.769797421731123
----------
Macro Recall: 		0.764447236180904
Macro Precision: 	0.970494417862839
Macro F-Measure: 	0.85523541813071
----------
-------------------------
----------- X-FOLD - Test 7 --------------
-------------------------
----------
Accuracy: 		0.780847145488029
----------
Micro Recall: 		0.780847145488029
Micro Precision: 	0.780847145488029
Micro F-Measure: 	0.780847145488029
----------
Macro Recall: 		0.778123057799876
Macro Precision: 	0.984276729559748
Macro F-Measure: 	0.869142658799028
----------
-------------------------
----------- X-FOLD - Test 8 --------------
-------------------------
----------
Accuracy: 		0.759975445058318
----------
Micro Recall: 		0.759975445058318
Micro Precision: 	0.759975445058318
Micro F-Measure: 	0.759975445058318
----------
Macro Recall: 		0.754088050314465
Macro Precision: 	0.968497576736672
Macro F-Measure: 	0.847949080622348
----------
-------------------------
----------- X-FOLD - Test 9 --------------
-------------------------
----------
Accuracy: 		0.772252915899325
----------
Micro Recall: 		0.772252915899325
Micro Precision: 	0.772252915899325
Micro F-Measure: 	0.772252915899325
----------
Macro Recall: 		0.768703241895262
Macro Precision: 	0.980127186009539
Macro F-Measure: 	0.861635220125786
----------
-------------------------
----------- X-FOLD - Test 10 --------------
-------------------------
----------
Accuracy: 		0.863720073664825
----------
Micro Recall: 		0.863720073664825
Micro Precision: 	0.863720073664825
Micro F-Measure: 	0.863720073664825
----------
Macro Recall: 		0.862111801242236
Macro Precision: 	0.986496090973703
Macro F-Measure: 	0.920119323831621
----------
-------------------------
----------- X-FOLD - AVERAVES --------------
-------------------------
----------
Accuracy: 		0.78242926502595
----------
Micro Recall: 		0.78242926502595
Micro Precision: 	0.78242926502595
Micro F-Measure: 	0.78242926502595
----------
Macro Recall: 		0.778237970794206
Macro Precision: 	0.976162338217417
Macro F-Measure: 	0.86581429998417
----------
